<?xml version="1.0" encoding="UTF-8"?>
<!-- Generated by org.testng.reporters.JUnitXMLReporter -->
<testsuite ignored="0" hostname="DESKTOP-4KH133D" failures="0" tests="3" name="Command line test" time="0.117" errors="0" timestamp="2023-03-21T19:46:30 GMT-07:00">
  <testcase classname="com.selenium_test.TestOne" name="testfive" time="0.003"/>
  <testcase classname="com.selenium_test.TestOne" name="testtwo" time="0.001"/>
  <testcase classname="com.selenium_test.TestOne" name="testthree" time="0.001"/>
</testsuite> <!-- Command line test -->
